[0;34m ℹ  [INFO] 2023-06-21 10:09:33 EEST [tpl-gen][@mac-02] [44390] START ::: running action :: do_morph_dir  [0m
[0;34m ℹ  [INFO] 2023-06-21 10:09:33 EEST [tpl-gen][@mac-02] [44390] DIR_TO_MORPH: /opt/csi/tpl-gen  [0m
[0;34m ℹ  [INFO] 2023-06-21 10:09:33 EEST [tpl-gen][@mac-02] [44390] STR_TO_SRCH:"tpl-gen"  [0m
[0;34m ℹ  [INFO] 2023-06-21 10:09:33 EEST [tpl-gen][@mac-02] [44390] STR_TO_REPL:"tpl-gen"  [0m
[0;34m ℹ  [INFO] 2023-06-21 10:09:35 EEST [tpl-gen][@mac-02] [44390] START :: search and replace in non-binary files  [0m
 [DEBUG] 2023-06-21 10:09:43 EEST [tpl-gen][@mac-02] [44390] searching for tpl-gen , replacing with :: tpl-gen in file: /opt/csi/tpl-gen/Makefile 
 [DEBUG] 2023-06-21 10:09:43 EEST [tpl-gen][@mac-02] [44390] searching for tpl-gen , replacing with :: tpl-gen in file: /opt/csi/tpl-gen/dat/log/bash/tpl-gen.20230621.log 
 [DEBUG] 2023-06-21 10:09:43 EEST [tpl-gen][@mac-02] [44390] searching for tpl-gen , replacing with :: tpl-gen in file: /opt/csi/tpl-gen/.editorconfig 
 [DEBUG] 2023-06-21 10:09:44 EEST [tpl-gen][@mac-02] [44390] searching for tpl-gen , replacing with :: tpl-gen in file: /opt/csi/tpl-gen/cnf/yaml/aws/aws-accounts.yaml 
 [DEBUG] 2023-06-21 10:09:44 EEST [tpl-gen][@mac-02] [44390] searching for tpl-gen , replacing with :: tpl-gen in file: /opt/csi/tpl-gen/cnf/yaml/aws/aws-permissions-sets.yaml 
 [DEBUG] 2023-06-21 10:09:44 EEST [tpl-gen][@mac-02] [44390] searching for tpl-gen , replacing with :: tpl-gen in file: /opt/csi/tpl-gen/cnf/yaml/aws/aws-services.yaml 
 [DEBUG] 2023-06-21 10:09:44 EEST [tpl-gen][@mac-02] [44390] searching for tpl-gen , replacing with :: tpl-gen in file: /opt/csi/tpl-gen/cnf/yaml/aws/aws-iam-roles.yaml 
 [DEBUG] 2023-06-21 10:09:44 EEST [tpl-gen][@mac-02] [44390] searching for tpl-gen , replacing with :: tpl-gen in file: /opt/csi/tpl-gen/cnf/lst/infra-conf-generator.include.lst 
 [DEBUG] 2023-06-21 10:09:44 EEST [tpl-gen][@mac-02] [44390] searching for tpl-gen , replacing with :: tpl-gen in file: /opt/csi/tpl-gen/cnf/lst/run.sh.exclude.lst 
 [DEBUG] 2023-06-21 10:09:44 EEST [tpl-gen][@mac-02] [44390] searching for tpl-gen , replacing with :: tpl-gen in file: /opt/csi/tpl-gen/cnf/lst/tpl-gen.include.lst 
 [DEBUG] 2023-06-21 10:09:44 EEST [tpl-gen][@mac-02] [44390] searching for tpl-gen , replacing with :: tpl-gen in file: /opt/csi/tpl-gen/cnf/lst/run.sh.include.lst 
 [DEBUG] 2023-06-21 10:09:44 EEST [tpl-gen][@mac-02] [44390] searching for tpl-gen , replacing with :: tpl-gen in file: /opt/csi/tpl-gen/cnf/lst/tpl-gen.exclude.lst 
 [DEBUG] 2023-06-21 10:09:44 EEST [tpl-gen][@mac-02] [44390] searching for tpl-gen , replacing with :: tpl-gen in file: /opt/csi/tpl-gen/cnf/lst/infra-conf-generator.exclude.lst 
 [DEBUG] 2023-06-21 10:09:44 EEST [tpl-gen][@mac-02] [44390] searching for tpl-gen , replacing with :: tpl-gen in file: /opt/csi/tpl-gen/json/rtr/%aws_iam_role_code%.%aws_service_code%.json 
 [DEBUG] 2023-06-21 10:09:44 EEST [tpl-gen][@mac-02] [44390] searching for tpl-gen , replacing with :: tpl-gen in file: /opt/csi/tpl-gen/.profile 
 [DEBUG] 2023-06-21 10:09:44 EEST [tpl-gen][@mac-02] [44390] searching for tpl-gen , replacing with :: tpl-gen in file: /opt/csi/tpl-gen/lib/docker/tpl-gen/x86_64/Dockerfile.04.alpine-backend-utils 
 [DEBUG] 2023-06-21 10:09:44 EEST [tpl-gen][@mac-02] [44390] searching for tpl-gen , replacing with :: tpl-gen in file: /opt/csi/tpl-gen/lib/docker/tpl-gen/x86_64/Dockerfile.03.alpine-os-utils 
 [DEBUG] 2023-06-21 10:09:44 EEST [tpl-gen][@mac-02] [44390] searching for tpl-gen , replacing with :: tpl-gen in file: /opt/csi/tpl-gen/lib/docker/tpl-gen/x86_64/Dockerfile.06.install-poetry 
 [DEBUG] 2023-06-21 10:09:44 EEST [tpl-gen][@mac-02] [44390] searching for tpl-gen , replacing with :: tpl-gen in file: /opt/csi/tpl-gen/lib/docker/tpl-gen/x86_64/Dockerfile.10.docker-init 
 [DEBUG] 2023-06-21 10:09:44 EEST [tpl-gen][@mac-02] [44390] searching for tpl-gen , replacing with :: tpl-gen in file: /opt/csi/tpl-gen/lib/docker/tpl-gen/x86_64/Dockerfile.02.arg-vars 
 [DEBUG] 2023-06-21 10:09:44 EEST [tpl-gen][@mac-02] [44390] searching for tpl-gen , replacing with :: tpl-gen in file: /opt/csi/tpl-gen/lib/docker/tpl-gen/x86_64/Dockerfile.05.install-pip 
 [DEBUG] 2023-06-21 10:09:44 EEST [tpl-gen][@mac-02] [44390] searching for tpl-gen , replacing with :: tpl-gen in file: /opt/csi/tpl-gen/lib/docker/tpl-gen/x86_64/Dockerfile.07.add-os-user 
 [DEBUG] 2023-06-21 10:09:44 EEST [tpl-gen][@mac-02] [44390] searching for tpl-gen , replacing with :: tpl-gen in file: /opt/csi/tpl-gen/lib/docker/tpl-gen/x86_64/Dockerfile.08.copy-proj-dir 
 [DEBUG] 2023-06-21 10:09:44 EEST [tpl-gen][@mac-02] [44390] searching for tpl-gen , replacing with :: tpl-gen in file: /opt/csi/tpl-gen/lib/docker/tpl-gen/x86_64/Dockerfile.09.install-py-modules 
 [DEBUG] 2023-06-21 10:09:45 EEST [tpl-gen][@mac-02] [44390] searching for tpl-gen , replacing with :: tpl-gen in file: /opt/csi/tpl-gen/lib/docker/tpl-gen/x86_64/Dockerfile.01.from-python-3.8.3-alpine 
 [DEBUG] 2023-06-21 10:09:45 EEST [tpl-gen][@mac-02] [44390] searching for tpl-gen , replacing with :: tpl-gen in file: /opt/csi/tpl-gen/lib/bash/funcs/manjaro-install-bins.func.sh 
 [DEBUG] 2023-06-21 10:09:45 EEST [tpl-gen][@mac-02] [44390] searching for tpl-gen , replacing with :: tpl-gen in file: /opt/csi/tpl-gen/lib/bash/funcs/relative-path.func.sh 
 [DEBUG] 2023-06-21 10:09:45 EEST [tpl-gen][@mac-02] [44390] searching for tpl-gen , replacing with :: tpl-gen in file: /opt/csi/tpl-gen/lib/bash/funcs/resolve-dirname.func.sh 
 [DEBUG] 2023-06-21 10:09:45 EEST [tpl-gen][@mac-02] [44390] searching for tpl-gen , replacing with :: tpl-gen in file: /opt/csi/tpl-gen/lib/bash/funcs/require-var.func.sh 
 [DEBUG] 2023-06-21 10:09:45 EEST [tpl-gen][@mac-02] [44390] searching for tpl-gen , replacing with :: tpl-gen in file: /opt/csi/tpl-gen/lib/bash/funcs/ubuntu-install-bins.func.sh 
 [DEBUG] 2023-06-21 10:09:45 EEST [tpl-gen][@mac-02] [44390] searching for tpl-gen , replacing with :: tpl-gen in file: /opt/csi/tpl-gen/lib/bash/funcs/set-vars-on-suse.func.sh 
 [DEBUG] 2023-06-21 10:09:45 EEST [tpl-gen][@mac-02] [44390] searching for tpl-gen , replacing with :: tpl-gen in file: /opt/csi/tpl-gen/lib/bash/funcs/new-issue.func.sh 
 [DEBUG] 2023-06-21 10:09:45 EEST [tpl-gen][@mac-02] [44390] searching for tpl-gen , replacing with :: tpl-gen in file: /opt/csi/tpl-gen/lib/bash/funcs/set-vars-on-alpine.func.sh 
 [DEBUG] 2023-06-21 10:09:45 EEST [tpl-gen][@mac-02] [44390] searching for tpl-gen , replacing with :: tpl-gen in file: /opt/csi/tpl-gen/lib/bash/funcs/test-helpers.sh 
 [DEBUG] 2023-06-21 10:09:45 EEST [tpl-gen][@mac-02] [44390] searching for tpl-gen , replacing with :: tpl-gen in file: /opt/csi/tpl-gen/lib/bash/funcs/zip-me.func.sh 
 [DEBUG] 2023-06-21 10:09:45 EEST [tpl-gen][@mac-02] [44390] searching for tpl-gen , replacing with :: tpl-gen in file: /opt/csi/tpl-gen/lib/bash/funcs/mac-install-bins.func.sh 
 [DEBUG] 2023-06-21 10:09:45 EEST [tpl-gen][@mac-02] [44390] searching for tpl-gen , replacing with :: tpl-gen in file: /opt/csi/tpl-gen/lib/bash/funcs/list-dockers.func.sh 
 [DEBUG] 2023-06-21 10:09:45 EEST [tpl-gen][@mac-02] [44390] searching for tpl-gen , replacing with :: tpl-gen in file: /opt/csi/tpl-gen/lib/bash/funcs/parse-ini-section-vars.func.sh 
 [DEBUG] 2023-06-21 10:09:45 EEST [tpl-gen][@mac-02] [44390] searching for tpl-gen , replacing with :: tpl-gen in file: /opt/csi/tpl-gen/lib/bash/funcs/arch-install-bins.func.sh 
 [DEBUG] 2023-06-21 10:09:45 EEST [tpl-gen][@mac-02] [44390] searching for tpl-gen , replacing with :: tpl-gen in file: /opt/csi/tpl-gen/lib/bash/funcs/morph-dir.func.sh 
 [DEBUG] 2023-06-21 10:09:45 EEST [tpl-gen][@mac-02] [44390] searching for tpl-gen , replacing with :: tpl-gen in file: /opt/csi/tpl-gen/lib/bash/funcs/read-conf-section.func.sh 
 [DEBUG] 2023-06-21 10:09:45 EEST [tpl-gen][@mac-02] [44390] searching for tpl-gen , replacing with :: tpl-gen in file: /opt/csi/tpl-gen/lib/bash/funcs/set-vars-on-ubuntu.func.sh 
 [DEBUG] 2023-06-21 10:09:45 EEST [tpl-gen][@mac-02] [44390] searching for tpl-gen , replacing with :: tpl-gen in file: /opt/csi/tpl-gen/lib/bash/funcs/oae.func.sh 
 [DEBUG] 2023-06-21 10:09:45 EEST [tpl-gen][@mac-02] [44390] searching for tpl-gen , replacing with :: tpl-gen in file: /opt/csi/tpl-gen/lib/bash/funcs/flush-screen.func.sh 
 [DEBUG] 2023-06-21 10:09:45 EEST [tpl-gen][@mac-02] [44390] searching for tpl-gen , replacing with :: tpl-gen in file: /opt/csi/tpl-gen/lib/bash/funcs/suse-install-bins.func.sh 
 [DEBUG] 2023-06-21 10:09:46 EEST [tpl-gen][@mac-02] [44390] searching for tpl-gen , replacing with :: tpl-gen in file: /opt/csi/tpl-gen/lib/bash/funcs/set-vars-on-mac.func.sh 
 [DEBUG] 2023-06-21 10:09:46 EEST [tpl-gen][@mac-02] [44390] searching for tpl-gen , replacing with :: tpl-gen in file: /opt/csi/tpl-gen/lib/bash/funcs/export-json-section-vars.func.sh 
 [DEBUG] 2023-06-21 10:09:46 EEST [tpl-gen][@mac-02] [44390] searching for tpl-gen , replacing with :: tpl-gen in file: /opt/csi/tpl-gen/lib/bash/funcs/get-env-var.func.sh 
 [DEBUG] 2023-06-21 10:09:46 EEST [tpl-gen][@mac-02] [44390] searching for tpl-gen , replacing with :: tpl-gen in file: /opt/csi/tpl-gen/lib/make/demand-var.func.mk 
 [DEBUG] 2023-06-21 10:09:46 EEST [tpl-gen][@mac-02] [44390] searching for tpl-gen , replacing with :: tpl-gen in file: /opt/csi/tpl-gen/lib/make/install-img.func.mk 
 [DEBUG] 2023-06-21 10:09:46 EEST [tpl-gen][@mac-02] [44390] searching for tpl-gen , replacing with :: tpl-gen in file: /opt/csi/tpl-gen/lib/make/zip-me.func.mk 
 [DEBUG] 2023-06-21 10:09:46 EEST [tpl-gen][@mac-02] [44390] searching for tpl-gen , replacing with :: tpl-gen in file: /opt/csi/tpl-gen/lib/make/make-help.func.mk 
 [DEBUG] 2023-06-21 10:09:46 EEST [tpl-gen][@mac-02] [44390] searching for tpl-gen , replacing with :: tpl-gen in file: /opt/csi/tpl-gen/lib/make/new-issue.func.mk 
 [DEBUG] 2023-06-21 10:09:46 EEST [tpl-gen][@mac-02] [44390] searching for tpl-gen , replacing with :: tpl-gen in file: /opt/csi/tpl-gen/lib/make/prune-docker-system.func.mk 
 [DEBUG] 2023-06-21 10:09:46 EEST [tpl-gen][@mac-02] [44390] searching for tpl-gen , replacing with :: tpl-gen in file: /opt/csi/tpl-gen/.git/ORIG_HEAD 
 [DEBUG] 2023-06-21 10:09:46 EEST [tpl-gen][@mac-02] [44390] searching for tpl-gen , replacing with :: tpl-gen in file: /opt/csi/tpl-gen/.git/config 
 [DEBUG] 2023-06-21 10:09:46 EEST [tpl-gen][@mac-02] [44390] searching for tpl-gen , replacing with :: tpl-gen in file: /opt/csi/tpl-gen/.git/HEAD 
 [DEBUG] 2023-06-21 10:09:46 EEST [tpl-gen][@mac-02] [44390] searching for tpl-gen , replacing with :: tpl-gen in file: /opt/csi/tpl-gen/.git/info/exclude 
 [DEBUG] 2023-06-21 10:09:46 EEST [tpl-gen][@mac-02] [44390] searching for tpl-gen , replacing with :: tpl-gen in file: /opt/csi/tpl-gen/.git/logs/HEAD 
 [DEBUG] 2023-06-21 10:09:46 EEST [tpl-gen][@mac-02] [44390] searching for tpl-gen , replacing with :: tpl-gen in file: /opt/csi/tpl-gen/.git/logs/refs/heads/v1.9.0 
 [DEBUG] 2023-06-21 10:09:46 EEST [tpl-gen][@mac-02] [44390] searching for tpl-gen , replacing with :: tpl-gen in file: /opt/csi/tpl-gen/.git/logs/refs/heads/v1.4.0 
 [DEBUG] 2023-06-21 10:09:46 EEST [tpl-gen][@mac-02] [44390] searching for tpl-gen , replacing with :: tpl-gen in file: /opt/csi/tpl-gen/.git/logs/refs/heads/230606133043-full-refactor-for-tpl-gen-and-yaml-to-json-for-step 
 [DEBUG] 2023-06-21 10:09:46 EEST [tpl-gen][@mac-02] [44390] searching for tpl-gen , replacing with :: tpl-gen in file: /opt/csi/tpl-gen/.git/logs/refs/heads/230601112257-static-page-builder-01-ysg 
 [DEBUG] 2023-06-21 10:09:46 EEST [tpl-gen][@mac-02] [44390] searching for tpl-gen , replacing with :: tpl-gen in file: /opt/csi/tpl-gen/.git/logs/refs/heads/230601112257-static-page-builder 
 [DEBUG] 2023-06-21 10:09:46 EEST [tpl-gen][@mac-02] [44390] searching for tpl-gen , replacing with :: tpl-gen in file: /opt/csi/tpl-gen/.git/logs/refs/heads/master 
 [DEBUG] 2023-06-21 10:09:46 EEST [tpl-gen][@mac-02] [44390] searching for tpl-gen , replacing with :: tpl-gen in file: /opt/csi/tpl-gen/.git/logs/refs/remotes/origin/230606133043-full-refactor-for-tpl-gen-and-yaml-to-json-for-step 
 [DEBUG] 2023-06-21 10:09:46 EEST [tpl-gen][@mac-02] [44390] searching for tpl-gen , replacing with :: tpl-gen in file: /opt/csi/tpl-gen/.git/logs/refs/remotes/origin/HEAD 
 [DEBUG] 2023-06-21 10:09:46 EEST [tpl-gen][@mac-02] [44390] searching for tpl-gen , replacing with :: tpl-gen in file: /opt/csi/tpl-gen/.git/logs/refs/remotes/origin/230601112257-static-page-builder-01-ysg 
 [DEBUG] 2023-06-21 10:09:46 EEST [tpl-gen][@mac-02] [44390] searching for tpl-gen , replacing with :: tpl-gen in file: /opt/csi/tpl-gen/.git/logs/refs/remotes/origin/230601112257-static-page-builder 
 [DEBUG] 2023-06-21 10:09:46 EEST [tpl-gen][@mac-02] [44390] searching for tpl-gen , replacing with :: tpl-gen in file: /opt/csi/tpl-gen/.git/logs/refs/remotes/origin/master 
 [DEBUG] 2023-06-21 10:09:46 EEST [tpl-gen][@mac-02] [44390] searching for tpl-gen , replacing with :: tpl-gen in file: /opt/csi/tpl-gen/.git/description 
 [DEBUG] 2023-06-21 10:09:47 EEST [tpl-gen][@mac-02] [44390] searching for tpl-gen , replacing with :: tpl-gen in file: /opt/csi/tpl-gen/.git/hooks/commit-msg.sample 
 [DEBUG] 2023-06-21 10:09:47 EEST [tpl-gen][@mac-02] [44390] searching for tpl-gen , replacing with :: tpl-gen in file: /opt/csi/tpl-gen/.git/hooks/pre-rebase.sample 
 [DEBUG] 2023-06-21 10:09:47 EEST [tpl-gen][@mac-02] [44390] searching for tpl-gen , replacing with :: tpl-gen in file: /opt/csi/tpl-gen/.git/hooks/pre-commit.sample 
 [DEBUG] 2023-06-21 10:09:47 EEST [tpl-gen][@mac-02] [44390] searching for tpl-gen , replacing with :: tpl-gen in file: /opt/csi/tpl-gen/.git/hooks/applypatch-msg.sample 
 [DEBUG] 2023-06-21 10:09:47 EEST [tpl-gen][@mac-02] [44390] searching for tpl-gen , replacing with :: tpl-gen in file: /opt/csi/tpl-gen/.git/hooks/fsmonitor-watchman.sample 
 [DEBUG] 2023-06-21 10:09:47 EEST [tpl-gen][@mac-02] [44390] searching for tpl-gen , replacing with :: tpl-gen in file: /opt/csi/tpl-gen/.git/hooks/pre-receive.sample 
 [DEBUG] 2023-06-21 10:09:47 EEST [tpl-gen][@mac-02] [44390] searching for tpl-gen , replacing with :: tpl-gen in file: /opt/csi/tpl-gen/.git/hooks/prepare-commit-msg.sample 
 [DEBUG] 2023-06-21 10:09:47 EEST [tpl-gen][@mac-02] [44390] searching for tpl-gen , replacing with :: tpl-gen in file: /opt/csi/tpl-gen/.git/hooks/post-update.sample 
 [DEBUG] 2023-06-21 10:09:47 EEST [tpl-gen][@mac-02] [44390] searching for tpl-gen , replacing with :: tpl-gen in file: /opt/csi/tpl-gen/.git/hooks/pre-merge-commit.sample 
 [DEBUG] 2023-06-21 10:09:47 EEST [tpl-gen][@mac-02] [44390] searching for tpl-gen , replacing with :: tpl-gen in file: /opt/csi/tpl-gen/.git/hooks/pre-applypatch.sample 
 [DEBUG] 2023-06-21 10:09:47 EEST [tpl-gen][@mac-02] [44390] searching for tpl-gen , replacing with :: tpl-gen in file: /opt/csi/tpl-gen/.git/hooks/pre-push.sample 
 [DEBUG] 2023-06-21 10:09:47 EEST [tpl-gen][@mac-02] [44390] searching for tpl-gen , replacing with :: tpl-gen in file: /opt/csi/tpl-gen/.git/hooks/update.sample 
 [DEBUG] 2023-06-21 10:09:47 EEST [tpl-gen][@mac-02] [44390] searching for tpl-gen , replacing with :: tpl-gen in file: /opt/csi/tpl-gen/.git/hooks/push-to-checkout.sample 
 [DEBUG] 2023-06-21 10:09:47 EEST [tpl-gen][@mac-02] [44390] searching for tpl-gen , replacing with :: tpl-gen in file: /opt/csi/tpl-gen/.git/refs/heads/v1.9.0 
 [DEBUG] 2023-06-21 10:09:47 EEST [tpl-gen][@mac-02] [44390] searching for tpl-gen , replacing with :: tpl-gen in file: /opt/csi/tpl-gen/.git/refs/heads/v1.4.0 
 [DEBUG] 2023-06-21 10:09:47 EEST [tpl-gen][@mac-02] [44390] searching for tpl-gen , replacing with :: tpl-gen in file: /opt/csi/tpl-gen/.git/refs/heads/230606133043-full-refactor-for-tpl-gen-and-yaml-to-json-for-step 
 [DEBUG] 2023-06-21 10:09:47 EEST [tpl-gen][@mac-02] [44390] searching for tpl-gen , replacing with :: tpl-gen in file: /opt/csi/tpl-gen/.git/refs/heads/230601112257-static-page-builder-01-ysg 
 [DEBUG] 2023-06-21 10:09:47 EEST [tpl-gen][@mac-02] [44390] searching for tpl-gen , replacing with :: tpl-gen in file: /opt/csi/tpl-gen/.git/refs/heads/230601112257-static-page-builder 
 [DEBUG] 2023-06-21 10:09:47 EEST [tpl-gen][@mac-02] [44390] searching for tpl-gen , replacing with :: tpl-gen in file: /opt/csi/tpl-gen/.git/refs/heads/master 
 [DEBUG] 2023-06-21 10:09:47 EEST [tpl-gen][@mac-02] [44390] searching for tpl-gen , replacing with :: tpl-gen in file: /opt/csi/tpl-gen/.git/refs/tags/1.9.0 
 [DEBUG] 2023-06-21 10:09:47 EEST [tpl-gen][@mac-02] [44390] searching for tpl-gen , replacing with :: tpl-gen in file: /opt/csi/tpl-gen/.git/refs/tags/1.3.0 
 [DEBUG] 2023-06-21 10:09:47 EEST [tpl-gen][@mac-02] [44390] searching for tpl-gen , replacing with :: tpl-gen in file: /opt/csi/tpl-gen/.git/refs/tags/latest 
 [DEBUG] 2023-06-21 10:09:47 EEST [tpl-gen][@mac-02] [44390] searching for tpl-gen , replacing with :: tpl-gen in file: /opt/csi/tpl-gen/.git/refs/tags/1.4.0 
 [DEBUG] 2023-06-21 10:09:47 EEST [tpl-gen][@mac-02] [44390] searching for tpl-gen , replacing with :: tpl-gen in file: /opt/csi/tpl-gen/.git/refs/tags/current 
 [DEBUG] 2023-06-21 10:09:47 EEST [tpl-gen][@mac-02] [44390] searching for tpl-gen , replacing with :: tpl-gen in file: /opt/csi/tpl-gen/.git/refs/remotes/origin/230606133043-full-refactor-for-tpl-gen-and-yaml-to-json-for-step 
 [DEBUG] 2023-06-21 10:09:47 EEST [tpl-gen][@mac-02] [44390] searching for tpl-gen , replacing with :: tpl-gen in file: /opt/csi/tpl-gen/.git/refs/remotes/origin/HEAD 
 [DEBUG] 2023-06-21 10:09:47 EEST [tpl-gen][@mac-02] [44390] searching for tpl-gen , replacing with :: tpl-gen in file: /opt/csi/tpl-gen/.git/refs/remotes/origin/230601112257-static-page-builder-01-ysg 
 [DEBUG] 2023-06-21 10:09:47 EEST [tpl-gen][@mac-02] [44390] searching for tpl-gen , replacing with :: tpl-gen in file: /opt/csi/tpl-gen/.git/refs/remotes/origin/230601112257-static-page-builder 
 [DEBUG] 2023-06-21 10:09:47 EEST [tpl-gen][@mac-02] [44390] searching for tpl-gen , replacing with :: tpl-gen in file: /opt/csi/tpl-gen/.git/refs/remotes/origin/master 
 [DEBUG] 2023-06-21 10:09:48 EEST [tpl-gen][@mac-02] [44390] searching for tpl-gen , replacing with :: tpl-gen in file: /opt/csi/tpl-gen/.git/packed-refs 
 [DEBUG] 2023-06-21 10:09:48 EEST [tpl-gen][@mac-02] [44390] searching for tpl-gen , replacing with :: tpl-gen in file: /opt/csi/tpl-gen/.git/COMMIT_EDITMSG 
 [DEBUG] 2023-06-21 10:09:48 EEST [tpl-gen][@mac-02] [44390] searching for tpl-gen , replacing with :: tpl-gen in file: /opt/csi/tpl-gen/.git/FETCH_HEAD 
 [DEBUG] 2023-06-21 10:09:48 EEST [tpl-gen][@mac-02] [44390] searching for tpl-gen , replacing with :: tpl-gen in file: /opt/csi/tpl-gen/src/docker/tpl-gen/Dockerfile.x86_64 
 [DEBUG] 2023-06-21 10:09:48 EEST [tpl-gen][@mac-02] [44390] searching for tpl-gen , replacing with :: tpl-gen in file: /opt/csi/tpl-gen/src/python/tpl-gen/pytest.ini 
 [DEBUG] 2023-06-21 10:09:48 EEST [tpl-gen][@mac-02] [44390] searching for tpl-gen , replacing with :: tpl-gen in file: /opt/csi/tpl-gen/src/python/tpl-gen/.pytest_cache/CACHEDIR.TAG 
 [DEBUG] 2023-06-21 10:09:48 EEST [tpl-gen][@mac-02] [44390] searching for tpl-gen , replacing with :: tpl-gen in file: /opt/csi/tpl-gen/src/python/tpl-gen/pyproject.toml 
 [DEBUG] 2023-06-21 10:09:48 EEST [tpl-gen][@mac-02] [44390] searching for tpl-gen , replacing with :: tpl-gen in file: /opt/csi/tpl-gen/src/python/tpl-gen/tests/test_tpl_utils.py 
 [DEBUG] 2023-06-21 10:09:48 EEST [tpl-gen][@mac-02] [44390] searching for tpl-gen , replacing with :: tpl-gen in file: /opt/csi/tpl-gen/src/python/tpl-gen/tests/test_console_utils.py 
 [DEBUG] 2023-06-21 10:09:48 EEST [tpl-gen][@mac-02] [44390] searching for tpl-gen , replacing with :: tpl-gen in file: /opt/csi/tpl-gen/src/python/tpl-gen/tests/test_pkey_replace.py 
 [DEBUG] 2023-06-21 10:09:48 EEST [tpl-gen][@mac-02] [44390] searching for tpl-gen , replacing with :: tpl-gen in file: /opt/csi/tpl-gen/src/python/tpl-gen/tests/test_convert_utils.py 
 [DEBUG] 2023-06-21 10:09:48 EEST [tpl-gen][@mac-02] [44390] searching for tpl-gen , replacing with :: tpl-gen in file: /opt/csi/tpl-gen/src/python/tpl-gen/tests/test_env_utils.py 
 [DEBUG] 2023-06-21 10:09:48 EEST [tpl-gen][@mac-02] [44390] searching for tpl-gen , replacing with :: tpl-gen in file: /opt/csi/tpl-gen/src/python/tpl-gen/.coveragerc 
 [DEBUG] 2023-06-21 10:09:48 EEST [tpl-gen][@mac-02] [44390] searching for tpl-gen , replacing with :: tpl-gen in file: /opt/csi/tpl-gen/src/python/tpl-gen/poetry.toml 
 [DEBUG] 2023-06-21 10:09:48 EEST [tpl-gen][@mac-02] [44390] searching for tpl-gen , replacing with :: tpl-gen in file: /opt/csi/tpl-gen/src/python/tpl-gen/poetry.lock 
 [DEBUG] 2023-06-21 10:09:48 EEST [tpl-gen][@mac-02] [44390] searching for tpl-gen , replacing with :: tpl-gen in file: /opt/csi/tpl-gen/src/python/tpl-gen/.tplignore 
 [DEBUG] 2023-06-21 10:09:48 EEST [tpl-gen][@mac-02] [44390] searching for tpl-gen , replacing with :: tpl-gen in file: /opt/csi/tpl-gen/src/python/tpl-gen/tpl_gen/tpl_gen.py 
 [DEBUG] 2023-06-21 10:09:48 EEST [tpl-gen][@mac-02] [44390] searching for tpl-gen , replacing with :: tpl-gen in file: /opt/csi/tpl-gen/src/python/tpl-gen/tpl_gen/config/__init__.py 
 [DEBUG] 2023-06-21 10:09:48 EEST [tpl-gen][@mac-02] [44390] searching for tpl-gen , replacing with :: tpl-gen in file: /opt/csi/tpl-gen/src/python/tpl-gen/tpl_gen/config/run_env.py 
 [DEBUG] 2023-06-21 10:09:48 EEST [tpl-gen][@mac-02] [44390] searching for tpl-gen , replacing with :: tpl-gen in file: /opt/csi/tpl-gen/src/python/tpl-gen/tpl_gen/config/config_data_loader.py 
 [DEBUG] 2023-06-21 10:09:48 EEST [tpl-gen][@mac-02] [44390] searching for tpl-gen , replacing with :: tpl-gen in file: /opt/csi/tpl-gen/src/python/tpl-gen/tpl_gen/convert_yaml/convert.py 
 [DEBUG] 2023-06-21 10:09:48 EEST [tpl-gen][@mac-02] [44390] searching for tpl-gen , replacing with :: tpl-gen in file: /opt/csi/tpl-gen/src/python/tpl-gen/tpl_gen/convert_yaml/__init__.py 
 [DEBUG] 2023-06-21 10:09:48 EEST [tpl-gen][@mac-02] [44390] searching for tpl-gen , replacing with :: tpl-gen in file: /opt/csi/tpl-gen/src/python/tpl-gen/tpl_gen/exceptions/__init__.py 
 [DEBUG] 2023-06-21 10:09:49 EEST [tpl-gen][@mac-02] [44390] searching for tpl-gen , replacing with :: tpl-gen in file: /opt/csi/tpl-gen/src/python/tpl-gen/tpl_gen/exceptions/exceptions.py 
 [DEBUG] 2023-06-21 10:09:49 EEST [tpl-gen][@mac-02] [44390] searching for tpl-gen , replacing with :: tpl-gen in file: /opt/csi/tpl-gen/src/python/tpl-gen/tpl_gen/libs/utils/console_utils.py 
 [DEBUG] 2023-06-21 10:09:49 EEST [tpl-gen][@mac-02] [44390] searching for tpl-gen , replacing with :: tpl-gen in file: /opt/csi/tpl-gen/src/python/tpl-gen/tpl_gen/libs/utils/env_utils.py 
 [DEBUG] 2023-06-21 10:09:49 EEST [tpl-gen][@mac-02] [44390] searching for tpl-gen , replacing with :: tpl-gen in file: /opt/csi/tpl-gen/src/python/tpl-gen/tpl_gen/libs/utils/string_utils.py 
 [DEBUG] 2023-06-21 10:09:49 EEST [tpl-gen][@mac-02] [44390] searching for tpl-gen , replacing with :: tpl-gen in file: /opt/csi/tpl-gen/src/python/tpl-gen/tpl_gen/libs/utils/convert_utils.py 
 [DEBUG] 2023-06-21 10:09:49 EEST [tpl-gen][@mac-02] [44390] searching for tpl-gen , replacing with :: tpl-gen in file: /opt/csi/tpl-gen/src/python/tpl-gen/tpl_gen/libs/utils/tpl_utils.py 
 [DEBUG] 2023-06-21 10:09:49 EEST [tpl-gen][@mac-02] [44390] searching for tpl-gen , replacing with :: tpl-gen in file: /opt/csi/tpl-gen/src/python/tpl-gen/tpl_gen/data/data_provider_yaml.py 
 [DEBUG] 2023-06-21 10:09:49 EEST [tpl-gen][@mac-02] [44390] searching for tpl-gen , replacing with :: tpl-gen in file: /opt/csi/tpl-gen/src/python/tpl-gen/tpl_gen/data/__init__.py 
 [DEBUG] 2023-06-21 10:09:49 EEST [tpl-gen][@mac-02] [44390] searching for tpl-gen , replacing with :: tpl-gen in file: /opt/csi/tpl-gen/src/python/tpl-gen/tpl_gen/data/generic_data_service.py 
 [DEBUG] 2023-06-21 10:09:49 EEST [tpl-gen][@mac-02] [44390] searching for tpl-gen , replacing with :: tpl-gen in file: /opt/csi/tpl-gen/src/python/tpl-gen/tpl_gen/data/data_provider_type.py 
 [DEBUG] 2023-06-21 10:09:49 EEST [tpl-gen][@mac-02] [44390] searching for tpl-gen , replacing with :: tpl-gen in file: /opt/csi/tpl-gen/src/python/tpl-gen/tpl_gen/data/data_provider_aws.py 
 [DEBUG] 2023-06-21 10:09:49 EEST [tpl-gen][@mac-02] [44390] searching for tpl-gen , replacing with :: tpl-gen in file: /opt/csi/tpl-gen/src/perl/scripts/dockerfile-generator.pl 
 [DEBUG] 2023-06-21 10:09:49 EEST [tpl-gen][@mac-02] [44390] searching for tpl-gen , replacing with :: tpl-gen in file: /opt/csi/tpl-gen/src/tpl/dat/json/%aws_account_code%/%aws_iam_role_code%.%aws_service_code%.json 
 [DEBUG] 2023-06-21 10:09:49 EEST [tpl-gen][@mac-02] [44390] searching for tpl-gen , replacing with :: tpl-gen in file: /opt/csi/tpl-gen/src/bash/scripts/docker-init-infra-conf-generator.sh 
 [DEBUG] 2023-06-21 10:09:49 EEST [tpl-gen][@mac-02] [44390] searching for tpl-gen , replacing with :: tpl-gen in file: /opt/csi/tpl-gen/src/bash/scripts/docker-init-tpl-gen.sh 
 [DEBUG] 2023-06-21 10:09:49 EEST [tpl-gen][@mac-02] [44390] searching for tpl-gen , replacing with :: tpl-gen in file: /opt/csi/tpl-gen/src/bash/run/set-vars-on-manjaro.func.sh 
 [DEBUG] 2023-06-21 10:09:49 EEST [tpl-gen][@mac-02] [44390] searching for tpl-gen , replacing with :: tpl-gen in file: /opt/csi/tpl-gen/src/bash/run/zip-till-commit.func.sh 
 [DEBUG] 2023-06-21 10:09:49 EEST [tpl-gen][@mac-02] [44390] searching for tpl-gen , replacing with :: tpl-gen in file: /opt/csi/tpl-gen/src/bash/run/restart-container.func.sh 
 [DEBUG] 2023-06-21 10:09:49 EEST [tpl-gen][@mac-02] [44390] searching for tpl-gen , replacing with :: tpl-gen in file: /opt/csi/tpl-gen/src/bash/run/scan-to-list-file.func.sh 
 [DEBUG] 2023-06-21 10:09:49 EEST [tpl-gen][@mac-02] [44390] searching for tpl-gen , replacing with :: tpl-gen in file: /opt/csi/tpl-gen/src/bash/run/set-vars-on-suse.func.sh 
 [DEBUG] 2023-06-21 10:09:49 EEST [tpl-gen][@mac-02] [44390] searching for tpl-gen , replacing with :: tpl-gen in file: /opt/csi/tpl-gen/src/bash/run/zip-me-as-module.func.sh 
 [DEBUG] 2023-06-21 10:09:49 EEST [tpl-gen][@mac-02] [44390] searching for tpl-gen , replacing with :: tpl-gen in file: /opt/csi/tpl-gen/src/bash/run/set-vars-on-alpine.func.sh 
 [DEBUG] 2023-06-21 10:09:50 EEST [tpl-gen][@mac-02] [44390] searching for tpl-gen , replacing with :: tpl-gen in file: /opt/csi/tpl-gen/src/bash/run/docker-init-infra-conf-generator.sh 
 [DEBUG] 2023-06-21 10:09:50 EEST [tpl-gen][@mac-02] [44390] searching for tpl-gen , replacing with :: tpl-gen in file: /opt/csi/tpl-gen/src/bash/run/docker-init-tpl-gen.sh 
 [DEBUG] 2023-06-21 10:09:50 EEST [tpl-gen][@mac-02] [44390] searching for tpl-gen , replacing with :: tpl-gen in file: /opt/csi/tpl-gen/src/bash/run/check-install-poetry.func.sh 
 [DEBUG] 2023-06-21 10:09:50 EEST [tpl-gen][@mac-02] [44390] searching for tpl-gen , replacing with :: tpl-gen in file: /opt/csi/tpl-gen/src/bash/run/print-usage.func.sh 
 [DEBUG] 2023-06-21 10:09:50 EEST [tpl-gen][@mac-02] [44390] searching for tpl-gen , replacing with :: tpl-gen in file: /opt/csi/tpl-gen/src/bash/run/run.sh 
 [DEBUG] 2023-06-21 10:09:50 EEST [tpl-gen][@mac-02] [44390] searching for tpl-gen , replacing with :: tpl-gen in file: /opt/csi/tpl-gen/src/bash/run/morph-dir.func.sh 
 [DEBUG] 2023-06-21 10:09:50 EEST [tpl-gen][@mac-02] [44390] searching for tpl-gen , replacing with :: tpl-gen in file: /opt/csi/tpl-gen/src/bash/run/morph-module.func.sh 
 [DEBUG] 2023-06-21 10:09:50 EEST [tpl-gen][@mac-02] [44390] searching for tpl-gen , replacing with :: tpl-gen in file: /opt/csi/tpl-gen/src/bash/run/set-vars-on-ubuntu.func.sh 
 [DEBUG] 2023-06-21 10:09:50 EEST [tpl-gen][@mac-02] [44390] searching for tpl-gen , replacing with :: tpl-gen in file: /opt/csi/tpl-gen/src/bash/run/check-install-py-modules.func.sh 
 [DEBUG] 2023-06-21 10:09:50 EEST [tpl-gen][@mac-02] [44390] searching for tpl-gen , replacing with :: tpl-gen in file: /opt/csi/tpl-gen/src/bash/run/set-vars-on-mac.func.sh 
 [DEBUG] 2023-06-21 10:09:50 EEST [tpl-gen][@mac-02] [44390] searching for tpl-gen , replacing with :: tpl-gen in file: /opt/csi/tpl-gen/src/make/test-infra-conf-generator.incl.mk 
 [DEBUG] 2023-06-21 10:09:50 EEST [tpl-gen][@mac-02] [44390] searching for tpl-gen , replacing with :: tpl-gen in file: /opt/csi/tpl-gen/src/make/run-tpl-gen.incl.mk 
 [DEBUG] 2023-06-21 10:09:50 EEST [tpl-gen][@mac-02] [44390] searching for tpl-gen , replacing with :: tpl-gen in file: /opt/csi/tpl-gen/src/make/install-img-tpl-gen.func.mk 
[0;34m ℹ  [INFO] 2023-06-21 10:09:50 EEST [tpl-gen][@mac-02] [44390] STOP :: search and replace in non-binary files  [0m
[0;34m ℹ  [INFO] 2023-06-21 10:09:50 EEST [tpl-gen][@mac-02] [44390] search and replace in dir and file paths DIR_TO_MORPH:/opt/csi/tpl-gen  [0m
[0;34m ℹ  [INFO] 2023-06-21 10:09:53 EEST [tpl-gen][@mac-02] [44390] STOP ::: running function :: do_morph_dir  [0m
[0;34m ℹ  [INFO] 2023-06-21 10:09:53 EEST [tpl-gen][@mac-02] [44390] START ::: running action :: do_morph_dir  [0m
[0;34m ℹ  [INFO] 2023-06-21 10:09:53 EEST [tpl-gen][@mac-02] [44390] DIR_TO_MORPH: /opt/csi/tpl-gen  [0m
[0;34m ℹ  [INFO] 2023-06-21 10:09:53 EEST [tpl-gen][@mac-02] [44390] STR_TO_SRCH:"tpl-gen"  [0m
[0;34m ℹ  [INFO] 2023-06-21 10:09:53 EEST [tpl-gen][@mac-02] [44390] STR_TO_REPL:"tpl-gen"  [0m
[0;34m ℹ  [INFO] 2023-06-21 10:09:55 EEST [tpl-gen][@mac-02] [44390] START :: search and replace in non-binary files  [0m
 [DEBUG] 2023-06-21 10:10:03 EEST [tpl-gen][@mac-02] [44390] searching for tpl-gen , replacing with :: tpl-gen in file: /opt/csi/tpl-gen/Makefile 
 [DEBUG] 2023-06-21 10:10:03 EEST [tpl-gen][@mac-02] [44390] searching for tpl-gen , replacing with :: tpl-gen in file: /opt/csi/tpl-gen/dat/log/bash/tpl-gen.20230621.log 
 [DEBUG] 2023-06-21 10:10:03 EEST [tpl-gen][@mac-02] [44390] searching for aws-template-generator , replacing with :: tpl-gen in file: /opt/csi/tpl-gen/.editorconfig 
 [DEBUG] 2023-06-21 10:10:03 EEST [tpl-gen][@mac-02] [44390] searching for aws-template-generator , replacing with :: tpl-gen in file: /opt/csi/tpl-gen/cnf/yaml/aws/aws-accounts.yaml 
 [DEBUG] 2023-06-21 10:10:03 EEST [tpl-gen][@mac-02] [44390] searching for aws-template-generator , replacing with :: tpl-gen in file: /opt/csi/tpl-gen/cnf/yaml/aws/aws-permissions-sets.yaml 
 [DEBUG] 2023-06-21 10:10:03 EEST [tpl-gen][@mac-02] [44390] searching for aws-template-generator , replacing with :: tpl-gen in file: /opt/csi/tpl-gen/cnf/yaml/aws/aws-services.yaml 
 [DEBUG] 2023-06-21 10:10:03 EEST [tpl-gen][@mac-02] [44390] searching for aws-template-generator , replacing with :: tpl-gen in file: /opt/csi/tpl-gen/cnf/yaml/aws/aws-iam-roles.yaml 
 [DEBUG] 2023-06-21 10:10:03 EEST [tpl-gen][@mac-02] [44390] searching for aws-template-generator , replacing with :: tpl-gen in file: /opt/csi/tpl-gen/cnf/lst/infra-conf-generator.include.lst 
 [DEBUG] 2023-06-21 10:10:03 EEST [tpl-gen][@mac-02] [44390] searching for aws-template-generator , replacing with :: tpl-gen in file: /opt/csi/tpl-gen/cnf/lst/run.sh.exclude.lst 
 [DEBUG] 2023-06-21 10:10:04 EEST [tpl-gen][@mac-02] [44390] searching for aws-template-generator , replacing with :: tpl-gen in file: /opt/csi/tpl-gen/cnf/lst/tpl-gen.include.lst 
 [DEBUG] 2023-06-21 10:10:04 EEST [tpl-gen][@mac-02] [44390] searching for aws-template-generator , replacing with :: tpl-gen in file: /opt/csi/tpl-gen/cnf/lst/run.sh.include.lst 
 [DEBUG] 2023-06-21 10:10:04 EEST [tpl-gen][@mac-02] [44390] searching for aws-template-generator , replacing with :: tpl-gen in file: /opt/csi/tpl-gen/cnf/lst/tpl-gen.exclude.lst 
 [DEBUG] 2023-06-21 10:10:04 EEST [tpl-gen][@mac-02] [44390] searching for aws-template-generator , replacing with :: tpl-gen in file: /opt/csi/tpl-gen/cnf/lst/infra-conf-generator.exclude.lst 
 [DEBUG] 2023-06-21 10:10:04 EEST [tpl-gen][@mac-02] [44390] searching for aws-template-generator , replacing with :: tpl-gen in file: /opt/csi/tpl-gen/json/rtr/%aws_iam_role_code%.%aws_service_code%.json 
 [DEBUG] 2023-06-21 10:10:04 EEST [tpl-gen][@mac-02] [44390] searching for aws-template-generator , replacing with :: tpl-gen in file: /opt/csi/tpl-gen/.profile 
 [DEBUG] 2023-06-21 10:10:04 EEST [tpl-gen][@mac-02] [44390] searching for aws-template-generator , replacing with :: tpl-gen in file: /opt/csi/tpl-gen/lib/docker/tpl-gen/x86_64/Dockerfile.04.alpine-backend-utils 
 [DEBUG] 2023-06-21 10:10:04 EEST [tpl-gen][@mac-02] [44390] searching for aws-template-generator , replacing with :: tpl-gen in file: /opt/csi/tpl-gen/lib/docker/tpl-gen/x86_64/Dockerfile.03.alpine-os-utils 
 [DEBUG] 2023-06-21 10:10:04 EEST [tpl-gen][@mac-02] [44390] searching for aws-template-generator , replacing with :: tpl-gen in file: /opt/csi/tpl-gen/lib/docker/tpl-gen/x86_64/Dockerfile.06.install-poetry 
 [DEBUG] 2023-06-21 10:10:04 EEST [tpl-gen][@mac-02] [44390] searching for aws-template-generator , replacing with :: tpl-gen in file: /opt/csi/tpl-gen/lib/docker/tpl-gen/x86_64/Dockerfile.10.docker-init 
 [DEBUG] 2023-06-21 10:10:04 EEST [tpl-gen][@mac-02] [44390] searching for aws-template-generator , replacing with :: tpl-gen in file: /opt/csi/tpl-gen/lib/docker/tpl-gen/x86_64/Dockerfile.02.arg-vars 
 [DEBUG] 2023-06-21 10:10:04 EEST [tpl-gen][@mac-02] [44390] searching for aws-template-generator , replacing with :: tpl-gen in file: /opt/csi/tpl-gen/lib/docker/tpl-gen/x86_64/Dockerfile.05.install-pip 
 [DEBUG] 2023-06-21 10:10:04 EEST [tpl-gen][@mac-02] [44390] searching for aws-template-generator , replacing with :: tpl-gen in file: /opt/csi/tpl-gen/lib/docker/tpl-gen/x86_64/Dockerfile.07.add-os-user 
 [DEBUG] 2023-06-21 10:10:04 EEST [tpl-gen][@mac-02] [44390] searching for aws-template-generator , replacing with :: tpl-gen in file: /opt/csi/tpl-gen/lib/docker/tpl-gen/x86_64/Dockerfile.08.copy-proj-dir 
 [DEBUG] 2023-06-21 10:10:04 EEST [tpl-gen][@mac-02] [44390] searching for aws-template-generator , replacing with :: tpl-gen in file: /opt/csi/tpl-gen/lib/docker/tpl-gen/x86_64/Dockerfile.09.install-py-modules 
 [DEBUG] 2023-06-21 10:10:04 EEST [tpl-gen][@mac-02] [44390] searching for aws-template-generator , replacing with :: tpl-gen in file: /opt/csi/tpl-gen/lib/docker/tpl-gen/x86_64/Dockerfile.01.from-python-3.8.3-alpine 
 [DEBUG] 2023-06-21 10:10:04 EEST [tpl-gen][@mac-02] [44390] searching for aws-template-generator , replacing with :: tpl-gen in file: /opt/csi/tpl-gen/lib/bash/funcs/manjaro-install-bins.func.sh 
 [DEBUG] 2023-06-21 10:10:04 EEST [tpl-gen][@mac-02] [44390] searching for aws-template-generator , replacing with :: tpl-gen in file: /opt/csi/tpl-gen/lib/bash/funcs/relative-path.func.sh 
 [DEBUG] 2023-06-21 10:10:04 EEST [tpl-gen][@mac-02] [44390] searching for aws-template-generator , replacing with :: tpl-gen in file: /opt/csi/tpl-gen/lib/bash/funcs/resolve-dirname.func.sh 
 [DEBUG] 2023-06-21 10:10:04 EEST [tpl-gen][@mac-02] [44390] searching for aws-template-generator , replacing with :: tpl-gen in file: /opt/csi/tpl-gen/lib/bash/funcs/require-var.func.sh 
 [DEBUG] 2023-06-21 10:10:04 EEST [tpl-gen][@mac-02] [44390] searching for aws-template-generator , replacing with :: tpl-gen in file: /opt/csi/tpl-gen/lib/bash/funcs/ubuntu-install-bins.func.sh 
 [DEBUG] 2023-06-21 10:10:04 EEST [tpl-gen][@mac-02] [44390] searching for aws-template-generator , replacing with :: tpl-gen in file: /opt/csi/tpl-gen/lib/bash/funcs/set-vars-on-suse.func.sh 
 [DEBUG] 2023-06-21 10:10:05 EEST [tpl-gen][@mac-02] [44390] searching for aws-template-generator , replacing with :: tpl-gen in file: /opt/csi/tpl-gen/lib/bash/funcs/new-issue.func.sh 
 [DEBUG] 2023-06-21 10:10:05 EEST [tpl-gen][@mac-02] [44390] searching for aws-template-generator , replacing with :: tpl-gen in file: /opt/csi/tpl-gen/lib/bash/funcs/set-vars-on-alpine.func.sh 
 [DEBUG] 2023-06-21 10:10:05 EEST [tpl-gen][@mac-02] [44390] searching for aws-template-generator , replacing with :: tpl-gen in file: /opt/csi/tpl-gen/lib/bash/funcs/test-helpers.sh 
 [DEBUG] 2023-06-21 10:10:05 EEST [tpl-gen][@mac-02] [44390] searching for aws-template-generator , replacing with :: tpl-gen in file: /opt/csi/tpl-gen/lib/bash/funcs/zip-me.func.sh 
 [DEBUG] 2023-06-21 10:10:05 EEST [tpl-gen][@mac-02] [44390] searching for aws-template-generator , replacing with :: tpl-gen in file: /opt/csi/tpl-gen/lib/bash/funcs/mac-install-bins.func.sh 
 [DEBUG] 2023-06-21 10:10:05 EEST [tpl-gen][@mac-02] [44390] searching for aws-template-generator , replacing with :: tpl-gen in file: /opt/csi/tpl-gen/lib/bash/funcs/list-dockers.func.sh 
 [DEBUG] 2023-06-21 10:10:05 EEST [tpl-gen][@mac-02] [44390] searching for aws-template-generator , replacing with :: tpl-gen in file: /opt/csi/tpl-gen/lib/bash/funcs/parse-ini-section-vars.func.sh 
 [DEBUG] 2023-06-21 10:10:05 EEST [tpl-gen][@mac-02] [44390] searching for aws-template-generator , replacing with :: tpl-gen in file: /opt/csi/tpl-gen/lib/bash/funcs/arch-install-bins.func.sh 
 [DEBUG] 2023-06-21 10:10:05 EEST [tpl-gen][@mac-02] [44390] searching for aws-template-generator , replacing with :: tpl-gen in file: /opt/csi/tpl-gen/lib/bash/funcs/morph-dir.func.sh 
 [DEBUG] 2023-06-21 10:10:05 EEST [tpl-gen][@mac-02] [44390] searching for aws-template-generator , replacing with :: tpl-gen in file: /opt/csi/tpl-gen/lib/bash/funcs/read-conf-section.func.sh 
 [DEBUG] 2023-06-21 10:10:05 EEST [tpl-gen][@mac-02] [44390] searching for aws-template-generator , replacing with :: tpl-gen in file: /opt/csi/tpl-gen/lib/bash/funcs/set-vars-on-ubuntu.func.sh 
 [DEBUG] 2023-06-21 10:10:05 EEST [tpl-gen][@mac-02] [44390] searching for aws-template-generator , replacing with :: tpl-gen in file: /opt/csi/tpl-gen/lib/bash/funcs/oae.func.sh 
 [DEBUG] 2023-06-21 10:10:05 EEST [tpl-gen][@mac-02] [44390] searching for aws-template-generator , replacing with :: tpl-gen in file: /opt/csi/tpl-gen/lib/bash/funcs/flush-screen.func.sh 
 [DEBUG] 2023-06-21 10:10:05 EEST [tpl-gen][@mac-02] [44390] searching for aws-template-generator , replacing with :: tpl-gen in file: /opt/csi/tpl-gen/lib/bash/funcs/suse-install-bins.func.sh 
 [DEBUG] 2023-06-21 10:10:05 EEST [tpl-gen][@mac-02] [44390] searching for aws-template-generator , replacing with :: tpl-gen in file: /opt/csi/tpl-gen/lib/bash/funcs/set-vars-on-mac.func.sh 
 [DEBUG] 2023-06-21 10:10:05 EEST [tpl-gen][@mac-02] [44390] searching for aws-template-generator , replacing with :: tpl-gen in file: /opt/csi/tpl-gen/lib/bash/funcs/export-json-section-vars.func.sh 
 [DEBUG] 2023-06-21 10:10:05 EEST [tpl-gen][@mac-02] [44390] searching for aws-template-generator , replacing with :: tpl-gen in file: /opt/csi/tpl-gen/lib/bash/funcs/get-env-var.func.sh 
 [DEBUG] 2023-06-21 10:10:05 EEST [tpl-gen][@mac-02] [44390] searching for aws-template-generator , replacing with :: tpl-gen in file: /opt/csi/tpl-gen/lib/make/demand-var.func.mk 
 [DEBUG] 2023-06-21 10:10:05 EEST [tpl-gen][@mac-02] [44390] searching for aws-template-generator , replacing with :: tpl-gen in file: /opt/csi/tpl-gen/lib/make/install-img.func.mk 
 [DEBUG] 2023-06-21 10:10:05 EEST [tpl-gen][@mac-02] [44390] searching for aws-template-generator , replacing with :: tpl-gen in file: /opt/csi/tpl-gen/lib/make/zip-me.func.mk 
 [DEBUG] 2023-06-21 10:10:05 EEST [tpl-gen][@mac-02] [44390] searching for aws-template-generator , replacing with :: tpl-gen in file: /opt/csi/tpl-gen/lib/make/make-help.func.mk 
 [DEBUG] 2023-06-21 10:10:06 EEST [tpl-gen][@mac-02] [44390] searching for aws-template-generator , replacing with :: tpl-gen in file: /opt/csi/tpl-gen/lib/make/new-issue.func.mk 
 [DEBUG] 2023-06-21 10:10:06 EEST [tpl-gen][@mac-02] [44390] searching for aws-template-generator , replacing with :: tpl-gen in file: /opt/csi/tpl-gen/lib/make/prune-docker-system.func.mk 
 [DEBUG] 2023-06-21 10:10:06 EEST [tpl-gen][@mac-02] [44390] searching for aws-template-generator , replacing with :: tpl-gen in file: /opt/csi/tpl-gen/.git/ORIG_HEAD 
 [DEBUG] 2023-06-21 10:10:06 EEST [tpl-gen][@mac-02] [44390] searching for aws-template-generator , replacing with :: tpl-gen in file: /opt/csi/tpl-gen/.git/config 
 [DEBUG] 2023-06-21 10:10:06 EEST [tpl-gen][@mac-02] [44390] searching for aws-template-generator , replacing with :: tpl-gen in file: /opt/csi/tpl-gen/.git/HEAD 
 [DEBUG] 2023-06-21 10:10:06 EEST [tpl-gen][@mac-02] [44390] searching for aws-template-generator , replacing with :: tpl-gen in file: /opt/csi/tpl-gen/.git/info/exclude 
 [DEBUG] 2023-06-21 10:10:06 EEST [tpl-gen][@mac-02] [44390] searching for aws-template-generator , replacing with :: tpl-gen in file: /opt/csi/tpl-gen/.git/logs/HEAD 
 [DEBUG] 2023-06-21 10:10:06 EEST [tpl-gen][@mac-02] [44390] searching for aws-template-generator , replacing with :: tpl-gen in file: /opt/csi/tpl-gen/.git/logs/refs/heads/v1.9.0 
 [DEBUG] 2023-06-21 10:10:06 EEST [tpl-gen][@mac-02] [44390] searching for aws-template-generator , replacing with :: tpl-gen in file: /opt/csi/tpl-gen/.git/logs/refs/heads/v1.4.0 
 [DEBUG] 2023-06-21 10:10:06 EEST [tpl-gen][@mac-02] [44390] searching for aws-template-generator , replacing with :: tpl-gen in file: /opt/csi/tpl-gen/.git/logs/refs/heads/230606133043-full-refactor-for-tpl-gen-and-yaml-to-json-for-step 
 [DEBUG] 2023-06-21 10:10:06 EEST [tpl-gen][@mac-02] [44390] searching for aws-template-generator , replacing with :: tpl-gen in file: /opt/csi/tpl-gen/.git/logs/refs/heads/230601112257-static-page-builder-01-ysg 
 [DEBUG] 2023-06-21 10:10:06 EEST [tpl-gen][@mac-02] [44390] searching for aws-template-generator , replacing with :: tpl-gen in file: /opt/csi/tpl-gen/.git/logs/refs/heads/230601112257-static-page-builder 
 [DEBUG] 2023-06-21 10:10:06 EEST [tpl-gen][@mac-02] [44390] searching for aws-template-generator , replacing with :: tpl-gen in file: /opt/csi/tpl-gen/.git/logs/refs/heads/master 
 [DEBUG] 2023-06-21 10:10:06 EEST [tpl-gen][@mac-02] [44390] searching for aws-template-generator , replacing with :: tpl-gen in file: /opt/csi/tpl-gen/.git/logs/refs/remotes/origin/230606133043-full-refactor-for-tpl-gen-and-yaml-to-json-for-step 
 [DEBUG] 2023-06-21 10:10:06 EEST [tpl-gen][@mac-02] [44390] searching for aws-template-generator , replacing with :: tpl-gen in file: /opt/csi/tpl-gen/.git/logs/refs/remotes/origin/HEAD 
 [DEBUG] 2023-06-21 10:10:06 EEST [tpl-gen][@mac-02] [44390] searching for aws-template-generator , replacing with :: tpl-gen in file: /opt/csi/tpl-gen/.git/logs/refs/remotes/origin/230601112257-static-page-builder-01-ysg 
 [DEBUG] 2023-06-21 10:10:06 EEST [tpl-gen][@mac-02] [44390] searching for aws-template-generator , replacing with :: tpl-gen in file: /opt/csi/tpl-gen/.git/logs/refs/remotes/origin/230601112257-static-page-builder 
 [DEBUG] 2023-06-21 10:10:06 EEST [tpl-gen][@mac-02] [44390] searching for aws-template-generator , replacing with :: tpl-gen in file: /opt/csi/tpl-gen/.git/logs/refs/remotes/origin/master 
 [DEBUG] 2023-06-21 10:10:06 EEST [tpl-gen][@mac-02] [44390] searching for aws-template-generator , replacing with :: tpl-gen in file: /opt/csi/tpl-gen/.git/description 
 [DEBUG] 2023-06-21 10:10:06 EEST [tpl-gen][@mac-02] [44390] searching for aws-template-generator , replacing with :: tpl-gen in file: /opt/csi/tpl-gen/.git/hooks/commit-msg.sample 
 [DEBUG] 2023-06-21 10:10:06 EEST [tpl-gen][@mac-02] [44390] searching for aws-template-generator , replacing with :: tpl-gen in file: /opt/csi/tpl-gen/.git/hooks/pre-rebase.sample 
 [DEBUG] 2023-06-21 10:10:06 EEST [tpl-gen][@mac-02] [44390] searching for aws-template-generator , replacing with :: tpl-gen in file: /opt/csi/tpl-gen/.git/hooks/pre-commit.sample 
 [DEBUG] 2023-06-21 10:10:06 EEST [tpl-gen][@mac-02] [44390] searching for aws-template-generator , replacing with :: tpl-gen in file: /opt/csi/tpl-gen/.git/hooks/applypatch-msg.sample 
 [DEBUG] 2023-06-21 10:10:06 EEST [tpl-gen][@mac-02] [44390] searching for aws-template-generator , replacing with :: tpl-gen in file: /opt/csi/tpl-gen/.git/hooks/fsmonitor-watchman.sample 
 [DEBUG] 2023-06-21 10:10:06 EEST [tpl-gen][@mac-02] [44390] searching for aws-template-generator , replacing with :: tpl-gen in file: /opt/csi/tpl-gen/.git/hooks/pre-receive.sample 
 [DEBUG] 2023-06-21 10:10:06 EEST [tpl-gen][@mac-02] [44390] searching for aws-template-generator , replacing with :: tpl-gen in file: /opt/csi/tpl-gen/.git/hooks/prepare-commit-msg.sample 
 [DEBUG] 2023-06-21 10:10:06 EEST [tpl-gen][@mac-02] [44390] searching for aws-template-generator , replacing with :: tpl-gen in file: /opt/csi/tpl-gen/.git/hooks/post-update.sample 
 [DEBUG] 2023-06-21 10:10:06 EEST [tpl-gen][@mac-02] [44390] searching for aws-template-generator , replacing with :: tpl-gen in file: /opt/csi/tpl-gen/.git/hooks/pre-merge-commit.sample 
 [DEBUG] 2023-06-21 10:10:06 EEST [tpl-gen][@mac-02] [44390] searching for aws-template-generator , replacing with :: tpl-gen in file: /opt/csi/tpl-gen/.git/hooks/pre-applypatch.sample 
 [DEBUG] 2023-06-21 10:10:06 EEST [tpl-gen][@mac-02] [44390] searching for aws-template-generator , replacing with :: tpl-gen in file: /opt/csi/tpl-gen/.git/hooks/pre-push.sample 
 [DEBUG] 2023-06-21 10:10:06 EEST [tpl-gen][@mac-02] [44390] searching for aws-template-generator , replacing with :: tpl-gen in file: /opt/csi/tpl-gen/.git/hooks/update.sample 
 [DEBUG] 2023-06-21 10:10:07 EEST [tpl-gen][@mac-02] [44390] searching for aws-template-generator , replacing with :: tpl-gen in file: /opt/csi/tpl-gen/.git/hooks/push-to-checkout.sample 
 [DEBUG] 2023-06-21 10:10:07 EEST [tpl-gen][@mac-02] [44390] searching for aws-template-generator , replacing with :: tpl-gen in file: /opt/csi/tpl-gen/.git/refs/heads/v1.9.0 
 [DEBUG] 2023-06-21 10:10:07 EEST [tpl-gen][@mac-02] [44390] searching for aws-template-generator , replacing with :: tpl-gen in file: /opt/csi/tpl-gen/.git/refs/heads/v1.4.0 
 [DEBUG] 2023-06-21 10:10:07 EEST [tpl-gen][@mac-02] [44390] searching for aws-template-generator , replacing with :: tpl-gen in file: /opt/csi/tpl-gen/.git/refs/heads/230606133043-full-refactor-for-tpl-gen-and-yaml-to-json-for-step 
 [DEBUG] 2023-06-21 10:10:07 EEST [tpl-gen][@mac-02] [44390] searching for aws-template-generator , replacing with :: tpl-gen in file: /opt/csi/tpl-gen/.git/refs/heads/230601112257-static-page-builder-01-ysg 
 [DEBUG] 2023-06-21 10:10:07 EEST [tpl-gen][@mac-02] [44390] searching for aws-template-generator , replacing with :: tpl-gen in file: /opt/csi/tpl-gen/.git/refs/heads/230601112257-static-page-builder 
 [DEBUG] 2023-06-21 10:10:07 EEST [tpl-gen][@mac-02] [44390] searching for aws-template-generator , replacing with :: tpl-gen in file: /opt/csi/tpl-gen/.git/refs/heads/master 
 [DEBUG] 2023-06-21 10:10:07 EEST [tpl-gen][@mac-02] [44390] searching for aws-template-generator , replacing with :: tpl-gen in file: /opt/csi/tpl-gen/.git/refs/tags/1.9.0 
 [DEBUG] 2023-06-21 10:10:07 EEST [tpl-gen][@mac-02] [44390] searching for aws-template-generator , replacing with :: tpl-gen in file: /opt/csi/tpl-gen/.git/refs/tags/1.3.0 
 [DEBUG] 2023-06-21 10:10:07 EEST [tpl-gen][@mac-02] [44390] searching for aws-template-generator , replacing with :: tpl-gen in file: /opt/csi/tpl-gen/.git/refs/tags/latest 
 [DEBUG] 2023-06-21 10:10:07 EEST [tpl-gen][@mac-02] [44390] searching for aws-template-generator , replacing with :: tpl-gen in file: /opt/csi/tpl-gen/.git/refs/tags/1.4.0 
 [DEBUG] 2023-06-21 10:10:07 EEST [tpl-gen][@mac-02] [44390] searching for aws-template-generator , replacing with :: tpl-gen in file: /opt/csi/tpl-gen/.git/refs/tags/current 
 [DEBUG] 2023-06-21 10:10:07 EEST [tpl-gen][@mac-02] [44390] searching for aws-template-generator , replacing with :: tpl-gen in file: /opt/csi/tpl-gen/.git/refs/remotes/origin/230606133043-full-refactor-for-tpl-gen-and-yaml-to-json-for-step 
 [DEBUG] 2023-06-21 10:10:07 EEST [tpl-gen][@mac-02] [44390] searching for aws-template-generator , replacing with :: tpl-gen in file: /opt/csi/tpl-gen/.git/refs/remotes/origin/HEAD 
 [DEBUG] 2023-06-21 10:10:07 EEST [tpl-gen][@mac-02] [44390] searching for aws-template-generator , replacing with :: tpl-gen in file: /opt/csi/tpl-gen/.git/refs/remotes/origin/230601112257-static-page-builder-01-ysg 
 [DEBUG] 2023-06-21 10:10:07 EEST [tpl-gen][@mac-02] [44390] searching for aws-template-generator , replacing with :: tpl-gen in file: /opt/csi/tpl-gen/.git/refs/remotes/origin/230601112257-static-page-builder 
 [DEBUG] 2023-06-21 10:10:07 EEST [tpl-gen][@mac-02] [44390] searching for aws-template-generator , replacing with :: tpl-gen in file: /opt/csi/tpl-gen/.git/refs/remotes/origin/master 
 [DEBUG] 2023-06-21 10:10:07 EEST [tpl-gen][@mac-02] [44390] searching for aws-template-generator , replacing with :: tpl-gen in file: /opt/csi/tpl-gen/.git/packed-refs 
 [DEBUG] 2023-06-21 10:10:07 EEST [tpl-gen][@mac-02] [44390] searching for aws-template-generator , replacing with :: tpl-gen in file: /opt/csi/tpl-gen/.git/COMMIT_EDITMSG 
 [DEBUG] 2023-06-21 10:10:07 EEST [tpl-gen][@mac-02] [44390] searching for aws-template-generator , replacing with :: tpl-gen in file: /opt/csi/tpl-gen/.git/FETCH_HEAD 
 [DEBUG] 2023-06-21 10:10:07 EEST [tpl-gen][@mac-02] [44390] searching for aws-template-generator , replacing with :: tpl-gen in file: /opt/csi/tpl-gen/src/docker/tpl-gen/Dockerfile.x86_64 
 [DEBUG] 2023-06-21 10:10:07 EEST [tpl-gen][@mac-02] [44390] searching for aws-template-generator , replacing with :: tpl-gen in file: /opt/csi/tpl-gen/src/python/tpl-gen/pytest.ini 
 [DEBUG] 2023-06-21 10:10:07 EEST [tpl-gen][@mac-02] [44390] searching for aws-template-generator , replacing with :: tpl-gen in file: /opt/csi/tpl-gen/src/python/tpl-gen/.pytest_cache/CACHEDIR.TAG 
 [DEBUG] 2023-06-21 10:10:07 EEST [tpl-gen][@mac-02] [44390] searching for aws-template-generator , replacing with :: tpl-gen in file: /opt/csi/tpl-gen/src/python/tpl-gen/pyproject.toml 
 [DEBUG] 2023-06-21 10:10:07 EEST [tpl-gen][@mac-02] [44390] searching for aws-template-generator , replacing with :: tpl-gen in file: /opt/csi/tpl-gen/src/python/tpl-gen/tests/test_tpl_utils.py 
 [DEBUG] 2023-06-21 10:10:07 EEST [tpl-gen][@mac-02] [44390] searching for aws-template-generator , replacing with :: tpl-gen in file: /opt/csi/tpl-gen/src/python/tpl-gen/tests/test_console_utils.py 
 [DEBUG] 2023-06-21 10:10:07 EEST [tpl-gen][@mac-02] [44390] searching for aws-template-generator , replacing with :: tpl-gen in file: /opt/csi/tpl-gen/src/python/tpl-gen/tests/test_pkey_replace.py 
 [DEBUG] 2023-06-21 10:10:07 EEST [tpl-gen][@mac-02] [44390] searching for aws-template-generator , replacing with :: tpl-gen in file: /opt/csi/tpl-gen/src/python/tpl-gen/tests/test_convert_utils.py 
 [DEBUG] 2023-06-21 10:10:08 EEST [tpl-gen][@mac-02] [44390] searching for aws-template-generator , replacing with :: tpl-gen in file: /opt/csi/tpl-gen/src/python/tpl-gen/tests/test_env_utils.py 
 [DEBUG] 2023-06-21 10:10:08 EEST [tpl-gen][@mac-02] [44390] searching for aws-template-generator , replacing with :: tpl-gen in file: /opt/csi/tpl-gen/src/python/tpl-gen/.coveragerc 
 [DEBUG] 2023-06-21 10:10:08 EEST [tpl-gen][@mac-02] [44390] searching for aws-template-generator , replacing with :: tpl-gen in file: /opt/csi/tpl-gen/src/python/tpl-gen/poetry.toml 
 [DEBUG] 2023-06-21 10:10:08 EEST [tpl-gen][@mac-02] [44390] searching for aws-template-generator , replacing with :: tpl-gen in file: /opt/csi/tpl-gen/src/python/tpl-gen/poetry.lock 
 [DEBUG] 2023-06-21 10:10:08 EEST [tpl-gen][@mac-02] [44390] searching for aws-template-generator , replacing with :: tpl-gen in file: /opt/csi/tpl-gen/src/python/tpl-gen/.tplignore 
 [DEBUG] 2023-06-21 10:10:08 EEST [tpl-gen][@mac-02] [44390] searching for aws-template-generator , replacing with :: tpl-gen in file: /opt/csi/tpl-gen/src/python/tpl-gen/tpl_gen/tpl_gen.py 
 [DEBUG] 2023-06-21 10:10:08 EEST [tpl-gen][@mac-02] [44390] searching for aws-template-generator , replacing with :: tpl-gen in file: /opt/csi/tpl-gen/src/python/tpl-gen/tpl_gen/config/__init__.py 
 [DEBUG] 2023-06-21 10:10:08 EEST [tpl-gen][@mac-02] [44390] searching for aws-template-generator , replacing with :: tpl-gen in file: /opt/csi/tpl-gen/src/python/tpl-gen/tpl_gen/config/run_env.py 
 [DEBUG] 2023-06-21 10:10:08 EEST [tpl-gen][@mac-02] [44390] searching for aws-template-generator , replacing with :: tpl-gen in file: /opt/csi/tpl-gen/src/python/tpl-gen/tpl_gen/config/config_data_loader.py 
 [DEBUG] 2023-06-21 10:10:08 EEST [tpl-gen][@mac-02] [44390] searching for aws-template-generator , replacing with :: tpl-gen in file: /opt/csi/tpl-gen/src/python/tpl-gen/tpl_gen/convert_yaml/convert.py 
 [DEBUG] 2023-06-21 10:10:08 EEST [tpl-gen][@mac-02] [44390] searching for aws-template-generator , replacing with :: tpl-gen in file: /opt/csi/tpl-gen/src/python/tpl-gen/tpl_gen/convert_yaml/__init__.py 
 [DEBUG] 2023-06-21 10:10:08 EEST [tpl-gen][@mac-02] [44390] searching for aws-template-generator , replacing with :: tpl-gen in file: /opt/csi/tpl-gen/src/python/tpl-gen/tpl_gen/exceptions/__init__.py 
 [DEBUG] 2023-06-21 10:10:08 EEST [tpl-gen][@mac-02] [44390] searching for aws-template-generator , replacing with :: tpl-gen in file: /opt/csi/tpl-gen/src/python/tpl-gen/tpl_gen/exceptions/exceptions.py 
 [DEBUG] 2023-06-21 10:10:08 EEST [tpl-gen][@mac-02] [44390] searching for aws-template-generator , replacing with :: tpl-gen in file: /opt/csi/tpl-gen/src/python/tpl-gen/tpl_gen/libs/utils/console_utils.py 
 [DEBUG] 2023-06-21 10:10:08 EEST [tpl-gen][@mac-02] [44390] searching for aws-template-generator , replacing with :: tpl-gen in file: /opt/csi/tpl-gen/src/python/tpl-gen/tpl_gen/libs/utils/env_utils.py 
 [DEBUG] 2023-06-21 10:10:08 EEST [tpl-gen][@mac-02] [44390] searching for aws-template-generator , replacing with :: tpl-gen in file: /opt/csi/tpl-gen/src/python/tpl-gen/tpl_gen/libs/utils/string_utils.py 
 [DEBUG] 2023-06-21 10:10:08 EEST [tpl-gen][@mac-02] [44390] searching for aws-template-generator , replacing with :: tpl-gen in file: /opt/csi/tpl-gen/src/python/tpl-gen/tpl_gen/libs/utils/convert_utils.py 
 [DEBUG] 2023-06-21 10:10:08 EEST [tpl-gen][@mac-02] [44390] searching for aws-template-generator , replacing with :: tpl-gen in file: /opt/csi/tpl-gen/src/python/tpl-gen/tpl_gen/libs/utils/tpl_utils.py 
 [DEBUG] 2023-06-21 10:10:08 EEST [tpl-gen][@mac-02] [44390] searching for aws-template-generator , replacing with :: tpl-gen in file: /opt/csi/tpl-gen/src/python/tpl-gen/tpl_gen/data/data_provider_yaml.py 
 [DEBUG] 2023-06-21 10:10:08 EEST [tpl-gen][@mac-02] [44390] searching for aws-template-generator , replacing with :: tpl-gen in file: /opt/csi/tpl-gen/src/python/tpl-gen/tpl_gen/data/__init__.py 
 [DEBUG] 2023-06-21 10:10:08 EEST [tpl-gen][@mac-02] [44390] searching for aws-template-generator , replacing with :: tpl-gen in file: /opt/csi/tpl-gen/src/python/tpl-gen/tpl_gen/data/generic_data_service.py 
 [DEBUG] 2023-06-21 10:10:08 EEST [tpl-gen][@mac-02] [44390] searching for aws-template-generator , replacing with :: tpl-gen in file: /opt/csi/tpl-gen/src/python/tpl-gen/tpl_gen/data/data_provider_type.py 
 [DEBUG] 2023-06-21 10:10:09 EEST [tpl-gen][@mac-02] [44390] searching for aws-template-generator , replacing with :: tpl-gen in file: /opt/csi/tpl-gen/src/python/tpl-gen/tpl_gen/data/data_provider_aws.py 
 [DEBUG] 2023-06-21 10:10:09 EEST [tpl-gen][@mac-02] [44390] searching for aws-template-generator , replacing with :: tpl-gen in file: /opt/csi/tpl-gen/src/perl/scripts/dockerfile-generator.pl 
 [DEBUG] 2023-06-21 10:10:09 EEST [tpl-gen][@mac-02] [44390] searching for aws-template-generator , replacing with :: tpl-gen in file: /opt/csi/tpl-gen/src/tpl/dat/json/%aws_account_code%/%aws_iam_role_code%.%aws_service_code%.json 
 [DEBUG] 2023-06-21 10:10:09 EEST [tpl-gen][@mac-02] [44390] searching for aws-template-generator , replacing with :: tpl-gen in file: /opt/csi/tpl-gen/src/bash/scripts/docker-init-infra-conf-generator.sh 
 [DEBUG] 2023-06-21 10:10:09 EEST [tpl-gen][@mac-02] [44390] searching for aws-template-generator , replacing with :: tpl-gen in file: /opt/csi/tpl-gen/src/bash/scripts/docker-init-tpl-gen.sh 
 [DEBUG] 2023-06-21 10:10:09 EEST [tpl-gen][@mac-02] [44390] searching for aws-template-generator , replacing with :: tpl-gen in file: /opt/csi/tpl-gen/src/bash/run/set-vars-on-manjaro.func.sh 
 [DEBUG] 2023-06-21 10:10:09 EEST [tpl-gen][@mac-02] [44390] searching for aws-template-generator , replacing with :: tpl-gen in file: /opt/csi/tpl-gen/src/bash/run/zip-till-commit.func.sh 
 [DEBUG] 2023-06-21 10:10:09 EEST [tpl-gen][@mac-02] [44390] searching for aws-template-generator , replacing with :: tpl-gen in file: /opt/csi/tpl-gen/src/bash/run/restart-container.func.sh 
 [DEBUG] 2023-06-21 10:10:09 EEST [tpl-gen][@mac-02] [44390] searching for aws-template-generator , replacing with :: tpl-gen in file: /opt/csi/tpl-gen/src/bash/run/scan-to-list-file.func.sh 
 [DEBUG] 2023-06-21 10:10:09 EEST [tpl-gen][@mac-02] [44390] searching for aws-template-generator , replacing with :: tpl-gen in file: /opt/csi/tpl-gen/src/bash/run/set-vars-on-suse.func.sh 
 [DEBUG] 2023-06-21 10:10:09 EEST [tpl-gen][@mac-02] [44390] searching for aws-template-generator , replacing with :: tpl-gen in file: /opt/csi/tpl-gen/src/bash/run/zip-me-as-module.func.sh 
 [DEBUG] 2023-06-21 10:10:09 EEST [tpl-gen][@mac-02] [44390] searching for aws-template-generator , replacing with :: tpl-gen in file: /opt/csi/tpl-gen/src/bash/run/set-vars-on-alpine.func.sh 
 [DEBUG] 2023-06-21 10:10:09 EEST [tpl-gen][@mac-02] [44390] searching for aws-template-generator , replacing with :: tpl-gen in file: /opt/csi/tpl-gen/src/bash/run/docker-init-infra-conf-generator.sh 
 [DEBUG] 2023-06-21 10:10:09 EEST [tpl-gen][@mac-02] [44390] searching for aws-template-generator , replacing with :: tpl-gen in file: /opt/csi/tpl-gen/src/bash/run/docker-init-tpl-gen.sh 
 [DEBUG] 2023-06-21 10:10:09 EEST [tpl-gen][@mac-02] [44390] searching for aws-template-generator , replacing with :: tpl-gen in file: /opt/csi/tpl-gen/src/bash/run/check-install-poetry.func.sh 
 [DEBUG] 2023-06-21 10:10:09 EEST [tpl-gen][@mac-02] [44390] searching for aws-template-generator , replacing with :: tpl-gen in file: /opt/csi/tpl-gen/src/bash/run/print-usage.func.sh 
 [DEBUG] 2023-06-21 10:10:09 EEST [tpl-gen][@mac-02] [44390] searching for aws-template-generator , replacing with :: tpl-gen in file: /opt/csi/tpl-gen/src/bash/run/run.sh 
 [DEBUG] 2023-06-21 10:10:09 EEST [tpl-gen][@mac-02] [44390] searching for aws-template-generator , replacing with :: tpl-gen in file: /opt/csi/tpl-gen/src/bash/run/morph-dir.func.sh 
 [DEBUG] 2023-06-21 10:10:09 EEST [tpl-gen][@mac-02] [44390] searching for aws-template-generator , replacing with :: tpl-gen in file: /opt/csi/tpl-gen/src/bash/run/morph-module.func.sh 
 [DEBUG] 2023-06-21 10:10:09 EEST [tpl-gen][@mac-02] [44390] searching for aws-template-generator , replacing with :: tpl-gen in file: /opt/csi/tpl-gen/src/bash/run/set-vars-on-ubuntu.func.sh 
 [DEBUG] 2023-06-21 10:10:09 EEST [tpl-gen][@mac-02] [44390] searching for aws-template-generator , replacing with :: tpl-gen in file: /opt/csi/tpl-gen/src/bash/run/check-install-py-modules.func.sh 
 [DEBUG] 2023-06-21 10:10:10 EEST [tpl-gen][@mac-02] [44390] searching for aws-template-generator , replacing with :: tpl-gen in file: /opt/csi/tpl-gen/src/bash/run/set-vars-on-mac.func.sh 
 [DEBUG] 2023-06-21 10:10:10 EEST [tpl-gen][@mac-02] [44390] searching for aws-template-generator , replacing with :: tpl-gen in file: /opt/csi/tpl-gen/src/make/test-infra-conf-generator.incl.mk 
 [DEBUG] 2023-06-21 10:10:10 EEST [tpl-gen][@mac-02] [44390] searching for aws-template-generator , replacing with :: tpl-gen in file: /opt/csi/tpl-gen/src/make/run-tpl-gen.incl.mk 
 [DEBUG] 2023-06-21 10:10:10 EEST [tpl-gen][@mac-02] [44390] searching for aws-template-generator , replacing with :: tpl-gen in file: /opt/csi/tpl-gen/src/make/install-img-tpl-gen.func.mk 
[0;34m ℹ  [INFO] 2023-06-21 10:10:10 EEST [tpl-gen][@mac-02] [44390] STOP :: search and replace in non-binary files  [0m
[0;34m ℹ  [INFO] 2023-06-21 10:10:10 EEST [tpl-gen][@mac-02] [44390] search and replace in dir and file paths DIR_TO_MORPH:/opt/csi/tpl-gen  [0m
[0;34m ℹ  [INFO] 2023-06-21 10:10:12 EEST [tpl-gen][@mac-02] [44390] STOP ::: running function :: do_morph_dir  [0m
[0;32m ✔ [OK]  [OK] 2023-06-21 10:10:12 EEST [tpl-gen][@mac-02] [44390] run's run completed  [0m
