[0;34m ℹ  [INFO] 2023-03-14 15:48:47 UTC [tpl-gen][@35e53f14b94d] [107] START ::: running action :: do_print_usage  [0m
[0;34m ℹ  [INFO] 2023-03-14 15:48:59 UTC [tpl-gen][@35e53f14b94d] [444] START ::: running action :: do_check_install_py_modules  [0m
[0;34m ℹ  [INFO] 2023-03-14 15:49:02 UTC [tpl-gen][@35e53f14b94d] [444] STOP ::: running function :: do_check_install_py_modules  [0m
[0;32m ✔ [OK]  [OK] 2023-03-14 15:49:02 UTC [tpl-gen][@35e53f14b94d] [444] tpl-gen's run completed  [0m
[0;34m ℹ  [INFO] 2023-03-14 15:54:01 UTC [tpl-gen][@35e53f14b94d] [973] START ::: running action :: do_check_install_py_modules  [0m
[0;34m ℹ  [INFO] 2023-03-14 15:54:05 UTC [tpl-gen][@35e53f14b94d] [973] STOP ::: running function :: do_check_install_py_modules  [0m
[0;32m ✔ [OK]  [OK] 2023-03-14 15:54:05 UTC [tpl-gen][@35e53f14b94d] [973] tpl-gen's run completed  [0m
[0;34m ℹ  [INFO] 2023-03-14 18:09:09 EET [tpl-gen][@ip-192-168-100-20] [13477] START ::: running action :: do_print_usage  [0m
[0;34m ℹ  [INFO] 2023-03-14 18:09:15 EET [tpl-gen][@ip-192-168-100-20] [13866] START ::: running action :: do_print_usage  [0m
[0;34m ℹ  [INFO] 2023-03-14 18:10:06 EET [tpl-gen][@ip-192-168-100-20] [14298] START ::: running action :: do_print_usage  [0m
[0;34m ℹ  [INFO] 2023-03-14 18:10:20 EET [tpl-gen][@ip-192-168-100-20] [14956] START ::: running action :: do_zip_me_as_module  [0m
[0;34m ℹ  [INFO] 2023-03-14 18:10:20 EET [tpl-gen][@ip-192-168-100-20] [14956] produced the /opt/csi/tpl-gen.zip file  [0m
[0;31m ❌ [NOK]  [FATAL] 2023-03-14 18:10:20 EET [tpl-gen][@ip-192-168-100-20] [14956] failed to run action: do_zip_me_as_module !!! [0m
[0;34m ℹ  [INFO] 2023-03-14 18:10:39 EET [tpl-gen][@ip-192-168-100-20] [15629] START ::: running action :: do_print_usage  [0m
[0;34m ℹ  [INFO] 2023-03-14 18:10:45 EET [tpl-gen][@ip-192-168-100-20] [16271] START ::: running action :: do_scan_to_list_file  [0m
[0;34m ℹ  [INFO] 2023-03-14 18:10:46 EET [tpl-gen][@ip-192-168-100-20] [16271] produced the /opt/csi/tpl-gen/cnf/lst/tpl-gen.include.lst file  [0m
[0;34m ℹ  [INFO] 2023-03-14 18:10:46 EET [tpl-gen][@ip-192-168-100-20] [16271] STOP ::: running function :: do_scan_to_list_file  [0m
[0;32m ✔ [OK]  [OK] 2023-03-14 18:10:46 EET [tpl-gen][@ip-192-168-100-20] [16271] tpl-gen's run completed  [0m
[0;34m ℹ  [INFO] 2023-03-14 18:11:17 EET [tpl-gen][@ip-192-168-100-20] [16975] START ::: running action :: do_scan_to_list_file  [0m
[0;34m ℹ  [INFO] 2023-03-14 18:11:17 EET [tpl-gen][@ip-192-168-100-20] [16975] produced the /opt/csi/tpl-gen/cnf/lst/tpl-gen.include.lst file  [0m
[0;34m ℹ  [INFO] 2023-03-14 18:11:17 EET [tpl-gen][@ip-192-168-100-20] [16975] STOP ::: running function :: do_scan_to_list_file  [0m
[0;32m ✔ [OK]  [OK] 2023-03-14 18:11:17 EET [tpl-gen][@ip-192-168-100-20] [16975] tpl-gen's run completed  [0m
[0;34m ℹ  [INFO] 2023-03-14 18:11:22 EET [tpl-gen][@ip-192-168-100-20] [17657] START ::: running action :: do_zip_me_as_module  [0m
[0;34m ℹ  [INFO] 2023-03-14 18:11:23 EET [tpl-gen][@ip-192-168-100-20] [17657] produced the /opt/csi/tpl-gen.zip file  [0m
[0;34m ℹ  [INFO] 2023-03-14 18:11:23 EET [tpl-gen][@ip-192-168-100-20] [17657] STOP ::: running function :: do_zip_me_as_module  [0m
[0;32m ✔ [OK]  [OK] 2023-03-14 18:11:23 EET [tpl-gen][@ip-192-168-100-20] [17657] tpl-gen's run completed  [0m
